Watching for file changes with StatReloader
Not Found: /media/room_images/3d-rendering-luxury-modern-bedroom-suite-hotel-with-tv-cabinet_EkFYQmI.jpg
Not Found: /media/room_images/minimalistic-bed-with-interior-plant_bgJWPV5.jpg
Not Found: /media/room_images/bedroom-decor-with-potted-plants_Nhyjwxe.jpg
Not Found: /media/room_images/3d-rendering-luxury-modern-bedroom-suite-hotel-with-tv-cabinet_EkFYQmI.jpg
Not Found: /media/room_images/minimalistic-bed-with-interior-plant_bgJWPV5.jpg
Not Found: /media/room_images/bedroom-decor-with-potted-plants_Nhyjwxe.jpg
Not Found: /media/room_images/3d-rendering-luxury-modern-bedroom-suite-hotel-with-tv-cabinet_EkFYQmI.jpg
Not Found: /media/room_images/minimalistic-bed-with-interior-plant_bgJWPV5.jpg
Not Found: /media/room_images/bedroom-decor-with-potted-plants_Nhyjwxe.jpg
Not Found: /media/room_images/minimalistic-bed-with-interior-plant_bgJWPV5.jpg
Not Found: /media/room_images/3d-rendering-luxury-modern-bedroom-suite-hotel-with-tv-cabinet_EkFYQmI.jpg
Not Found: /media/room_images/bedroom-decor-with-potted-plants_Nhyjwxe.jpg
C:\Users\Xuli\dsi202_2025\myapp\models.py changed, reloading.
Watching for file changes with StatReloader
C:\Users\Xuli\dsi202_2025\myapp\forms.py changed, reloading.
Watching for file changes with StatReloader
C:\Users\Xuli\dsi202_2025\myapp\forms.py changed, reloading.
Watching for file changes with StatReloader
C:\Users\Xuli\dsi202_2025\myapp\views.py changed, reloading.
Watching for file changes with StatReloader
Watching for file changes with StatReloader
Not Found: /media/room_images/minimalistic-bed-with-interior-plant_bgJWPV5.jpg
Not Found: /media/room_images/3d-rendering-luxury-modern-bedroom-suite-hotel-with-tv-cabinet_EkFYQmI.jpg
Not Found: /media/room_images/bedroom-decor-with-potted-plants_Nhyjwxe.jpg
Not Found: /favicon.ico
Not Found: /media/room_images/3d-rendering-luxury-modern-bedroom-suite-hotel-with-tv-cabinet_EkFYQmI.jpg
Not Found: /media/room_images/bedroom-decor-with-potted-plants_Nhyjwxe.jpg
Not Found: /media/room_images/minimalistic-bed-with-interior-plant_bgJWPV5.jpg
Internal Server Error: /apply-landlord/
Traceback (most recent call last):
  File "C:\Users\Xuli\anaconda3\Lib\site-packages\django\db\backends\utils.py", line 105, in _execute
    return self.cursor.execute(sql, params)
           ^^^^^^^^^^^^^^^^^^^^^^^^^^^^^^^^
  File "C:\Users\Xuli\anaconda3\Lib\site-packages\django\db\backends\sqlite3\base.py", line 360, in execute
    return super().execute(query, params)
           ^^^^^^^^^^^^^^^^^^^^^^^^^^^^^^
sqlite3.IntegrityError: UNIQUE constraint failed: myapp_landlord.user_id

The above exception was the direct cause of the following exception:

Traceback (most recent call last):
  File "C:\Users\Xuli\anaconda3\Lib\site-packages\django\core\handlers\exception.py", line 55, in inner
    response = get_response(request)
               ^^^^^^^^^^^^^^^^^^^^^
  File "C:\Users\Xuli\anaconda3\Lib\site-packages\django\core\handlers\base.py", line 197, in _get_response
    response = wrapped_callback(request, *callback_args, **callback_kwargs)
               ^^^^^^^^^^^^^^^^^^^^^^^^^^^^^^^^^^^^^^^^^^^^^^^^^^^^^^^^^^^^
  File "C:\Users\Xuli\anaconda3\Lib\site-packages\django\contrib\auth\decorators.py", line 59, in _view_wrapper
    return view_func(request, *args, **kwargs)
           ^^^^^^^^^^^^^^^^^^^^^^^^^^^^^^^^^^^
  File "C:\Users\Xuli\dsi202_2025\myapp\views.py", line 68, in apply_landlord
    landlord.save()
  File "C:\Users\Xuli\anaconda3\Lib\site-packages\django\db\models\base.py", line 902, in save
    self.save_base(
  File "C:\Users\Xuli\anaconda3\Lib\site-packages\django\db\models\base.py", line 1008, in save_base
    updated = self._save_table(
              ^^^^^^^^^^^^^^^^^
  File "C:\Users\Xuli\anaconda3\Lib\site-packages\django\db\models\base.py", line 1169, in _save_table
    results = self._do_insert(
              ^^^^^^^^^^^^^^^^
  File "C:\Users\Xuli\anaconda3\Lib\site-packages\django\db\models\base.py", line 1210, in _do_insert
    return manager._insert(
           ^^^^^^^^^^^^^^^^
  File "C:\Users\Xuli\anaconda3\Lib\site-packages\django\db\models\manager.py", line 87, in manager_method
    return getattr(self.get_queryset(), name)(*args, **kwargs)
           ^^^^^^^^^^^^^^^^^^^^^^^^^^^^^^^^^^^^^^^^^^^^^^^^^^^
  File "C:\Users\Xuli\anaconda3\Lib\site-packages\django\db\models\query.py", line 1854, in _insert
    return query.get_compiler(using=using).execute_sql(returning_fields)
           ^^^^^^^^^^^^^^^^^^^^^^^^^^^^^^^^^^^^^^^^^^^^^^^^^^^^^^^^^^^^^
  File "C:\Users\Xuli\anaconda3\Lib\site-packages\django\db\models\sql\compiler.py", line 1881, in execute_sql
    cursor.execute(sql, params)
  File "C:\Users\Xuli\anaconda3\Lib\site-packages\django\db\backends\utils.py", line 122, in execute
    return super().execute(sql, params)
           ^^^^^^^^^^^^^^^^^^^^^^^^^^^^
  File "C:\Users\Xuli\anaconda3\Lib\site-packages\django\db\backends\utils.py", line 79, in execute
    return self._execute_with_wrappers(
           ^^^^^^^^^^^^^^^^^^^^^^^^^^^^
  File "C:\Users\Xuli\anaconda3\Lib\site-packages\django\db\backends\utils.py", line 92, in _execute_with_wrappers
    return executor(sql, params, many, context)
           ^^^^^^^^^^^^^^^^^^^^^^^^^^^^^^^^^^^^
  File "C:\Users\Xuli\anaconda3\Lib\site-packages\django\db\backends\utils.py", line 100, in _execute
    with self.db.wrap_database_errors:
  File "C:\Users\Xuli\anaconda3\Lib\site-packages\django\db\utils.py", line 91, in __exit__
    raise dj_exc_value.with_traceback(traceback) from exc_value
  File "C:\Users\Xuli\anaconda3\Lib\site-packages\django\db\backends\utils.py", line 105, in _execute
    return self.cursor.execute(sql, params)
           ^^^^^^^^^^^^^^^^^^^^^^^^^^^^^^^^
  File "C:\Users\Xuli\anaconda3\Lib\site-packages\django\db\backends\sqlite3\base.py", line 360, in execute
    return super().execute(query, params)
           ^^^^^^^^^^^^^^^^^^^^^^^^^^^^^^
django.db.utils.IntegrityError: UNIQUE constraint failed: myapp_landlord.user_id
Not Found: /media/room_images/minimalistic-bed-with-interior-plant_bgJWPV5.jpg
Not Found: /media/room_images/3d-rendering-luxury-modern-bedroom-suite-hotel-with-tv-cabinet_EkFYQmI.jpg
Not Found: /media/room_images/bedroom-decor-with-potted-plants_Nhyjwxe.jpg
Not Found: /media/room_images/3d-rendering-luxury-modern-bedroom-suite-hotel-with-tv-cabinet_EkFYQmI.jpg
Not Found: /media/room_images/minimalistic-bed-with-interior-plant_bgJWPV5.jpg
Not Found: /media/room_images/bedroom-decor-with-potted-plants_Nhyjwxe.jpg
Not Found: /media/room_images/3d-rendering-luxury-modern-bedroom-suite-hotel-with-tv-cabinet_EkFYQmI.jpg
Not Found: /media/room_images/minimalistic-bed-with-interior-plant_bgJWPV5.jpg
Not Found: /media/room_images/bedroom-decor-with-potted-plants_Nhyjwxe.jpg
Not Found: /media/room_images/minimalistic-bed-with-interior-plant_bgJWPV5.jpg
Not Found: /media/room_images/3d-rendering-luxury-modern-bedroom-suite-hotel-with-tv-cabinet_EkFYQmI.jpg
Not Found: /media/room_images/bedroom-decor-with-potted-plants_Nhyjwxe.jpg
Not Found: /media/room_images/minimalistic-bed-with-interior-plant_bgJWPV5.jpg
Not Found: /media/room_images/3d-rendering-luxury-modern-bedroom-suite-hotel-with-tv-cabinet_EkFYQmI.jpg
Not Found: /media/room_images/bedroom-decor-with-potted-plants_Nhyjwxe.jpg
Watching for file changes with StatReloader
Not Found: /media/room_images/bedroom-decor-with-potted-plants_Nhyjwxe.jpg
Not Found: /media/room_images/3d-rendering-luxury-modern-bedroom-suite-hotel-with-tv-cabinet_EkFYQmI.jpg
Not Found: /media/room_images/minimalistic-bed-with-interior-plant_bgJWPV5.jpg
Not Found: /media/room_images/minimalistic-bed-with-interior-plant_bgJWPV5.jpg
Not Found: /media/room_images/3d-rendering-luxury-modern-bedroom-suite-hotel-with-tv-cabinet_EkFYQmI.jpg
Not Found: /media/room_images/bedroom-decor-with-potted-plants_Nhyjwxe.jpg
C:\Users\Xuli\dsi202_2025\myapp\models.py changed, reloading.
Watching for file changes with StatReloader
Not Found: /media/room_images/3d-rendering-luxury-modern-bedroom-suite-hotel-with-tv-cabinet_EkFYQmI.jpg
Not Found: /media/room_images/minimalistic-bed-with-interior-plant_bgJWPV5.jpg
Not Found: /media/room_images/bedroom-decor-with-potted-plants_Nhyjwxe.jpg
Not Found: /media/room_images/3d-rendering-luxury-modern-bedroom-suite-hotel-with-tv-cabinet_EkFYQmI.jpg
Not Found: /media/room_images/minimalistic-bed-with-interior-plant_bgJWPV5.jpg
Not Found: /media/room_images/bedroom-decor-with-potted-plants_Nhyjwxe.jpg
Not Found: /media/room_images/3d-rendering-luxury-modern-bedroom-suite-hotel-with-tv-cabinet_EkFYQmI.jpg
Not Found: /media/room_images/minimalistic-bed-with-interior-plant_bgJWPV5.jpg
Not Found: /media/room_images/bedroom-decor-with-potted-plants_Nhyjwxe.jpg
Not Found: /media/room_images/3d-rendering-luxury-modern-bedroom-suite-hotel-with-tv-cabinet_EkFYQmI.jpg
Not Found: /media/room_images/bedroom-decor-with-potted-plants_Nhyjwxe.jpg
Not Found: /media/room_images/minimalistic-bed-with-interior-plant_bgJWPV5.jpg
C:\Users\Xuli\dsi202_2025\myapp\models.py changed, reloading.
Watching for file changes with StatReloader
C:\Users\Xuli\dsi202_2025\myapp\views.py changed, reloading.
Watching for file changes with StatReloader
C:\Users\Xuli\dsi202_2025\myapp\urls.py changed, reloading.
Watching for file changes with StatReloader
Watching for file changes with StatReloader
Not Found: /media/room_images/minimalistic-bed-with-interior-plant_bgJWPV5.jpg
Not Found: /media/room_images/bedroom-decor-with-potted-plants_Nhyjwxe.jpg
Not Found: /media/room_images/3d-rendering-luxury-modern-bedroom-suite-hotel-with-tv-cabinet_EkFYQmI.jpg
Not Found: /media/room_images/3d-rendering-luxury-modern-bedroom-suite-hotel-with-tv-cabinet_EkFYQmI.jpg
Not Found: /media/room_images/minimalistic-bed-with-interior-plant_bgJWPV5.jpg
Not Found: /media/room_images/bedroom-decor-with-potted-plants_Nhyjwxe.jpg
Not Found: /media/room_images/3d-rendering-luxury-modern-bedroom-suite-hotel-with-tv-cabinet_EkFYQmI.jpg
Not Found: /media/room_images/minimalistic-bed-with-interior-plant_bgJWPV5.jpg
Not Found: /media/room_images/bedroom-decor-with-potted-plants_Nhyjwxe.jpg
Not Found: /media/room_images/3d-rendering-luxury-modern-bedroom-suite-hotel-with-tv-cabinet_EkFYQmI.jpg
Not Found: /media/room_images/minimalistic-bed-with-interior-plant_bgJWPV5.jpg
Not Found: /media/room_images/bedroom-decor-with-potted-plants_Nhyjwxe.jpg
Not Found: /media/room_images/3d-rendering-luxury-modern-bedroom-suite-hotel-with-tv-cabinet_EkFYQmI.jpg
Not Found: /media/room_images/minimalistic-bed-with-interior-plant_bgJWPV5.jpg
Not Found: /media/room_images/bedroom-decor-with-potted-plants_Nhyjwxe.jpg
Not Found: /media/room_images/3d-rendering-luxury-modern-bedroom-suite-hotel-with-tv-cabinet_EkFYQmI.jpg
Not Found: /media/room_images/minimalistic-bed-with-interior-plant_bgJWPV5.jpg
Not Found: /media/room_images/bedroom-decor-with-potted-plants_Nhyjwxe.jpg
Not Found: /media/room_images/bedroom-decor-with-potted-plants_Nhyjwxe.jpg
Not Found: /media/room_images/minimalistic-bed-with-interior-plant_bgJWPV5.jpg
Not Found: /media/room_images/3d-rendering-luxury-modern-bedroom-suite-hotel-with-tv-cabinet_EkFYQmI.jpg
Not Found: /media/room_images/bedroom-decor-with-potted-plants_Nhyjwxe.jpg
Not Found: /media/room_images/3d-rendering-luxury-modern-bedroom-suite-hotel-with-tv-cabinet_EkFYQmI.jpg
Not Found: /media/room_images/minimalistic-bed-with-interior-plant_bgJWPV5.jpg
Not Found: /media/room_images/bedroom-decor-with-potted-plants_Nhyjwxe.jpg
Not Found: /media/room_images/3d-rendering-luxury-modern-bedroom-suite-hotel-with-tv-cabinet_EkFYQmI.jpg
Not Found: /media/room_images/minimalistic-bed-with-interior-plant_bgJWPV5.jpg
Not Found: /media/room_images/bedroom-decor-with-potted-plants_Nhyjwxe.jpg
Not Found: /media/room_images/minimalistic-bed-with-interior-plant_bgJWPV5.jpg
Not Found: /media/room_images/3d-rendering-luxury-modern-bedroom-suite-hotel-with-tv-cabinet_EkFYQmI.jpg
Not Found: /media/room_images/bedroom-decor-with-potted-plants_Nhyjwxe.jpg
Not Found: /media/room_images/minimalistic-bed-with-interior-plant_bgJWPV5.jpg
Not Found: /media/room_images/3d-rendering-luxury-modern-bedroom-suite-hotel-with-tv-cabinet_EkFYQmI.jpg
Not Found: /media/room_images/3d-rendering-luxury-modern-bedroom-suite-hotel-with-tv-cabinet_EkFYQmI.jpg
Not Found: /media/room_images/bedroom-decor-with-potted-plants_Nhyjwxe.jpg
Not Found: /media/room_images/minimalistic-bed-with-interior-plant_bgJWPV5.jpg
Not Found: /media/room_images/3d-rendering-luxury-modern-bedroom-suite-hotel-with-tv-cabinet_EkFYQmI.jpg
Not Found: /media/room_images/bedroom-decor-with-potted-plants_Nhyjwxe.jpg
Not Found: /media/room_images/minimalistic-bed-with-interior-plant_bgJWPV5.jpg
Internal Server Error: /profile/
Traceback (most recent call last):
  File "C:\Users\Xuli\anaconda3\Lib\site-packages\django\template\base.py", line 510, in parse
    compile_func = self.tags[command]
                   ~~~~~~~~~^^^^^^^^^
KeyError: 'endblock'

During handling of the above exception, another exception occurred:

Traceback (most recent call last):
  File "C:\Users\Xuli\anaconda3\Lib\site-packages\django\core\handlers\exception.py", line 55, in inner
    response = get_response(request)
               ^^^^^^^^^^^^^^^^^^^^^
  File "C:\Users\Xuli\anaconda3\Lib\site-packages\django\core\handlers\base.py", line 197, in _get_response
    response = wrapped_callback(request, *callback_args, **callback_kwargs)
               ^^^^^^^^^^^^^^^^^^^^^^^^^^^^^^^^^^^^^^^^^^^^^^^^^^^^^^^^^^^^
  File "C:\Users\Xuli\anaconda3\Lib\site-packages\django\contrib\auth\decorators.py", line 59, in _view_wrapper
    return view_func(request, *args, **kwargs)
           ^^^^^^^^^^^^^^^^^^^^^^^^^^^^^^^^^^^
  File "C:\Users\Xuli\dsi202_2025\myapp\views.py", line 202, in profile_view
    return render(request, 'profile.html', context)
           ^^^^^^^^^^^^^^^^^^^^^^^^^^^^^^^^^^^^^^^^
  File "C:\Users\Xuli\anaconda3\Lib\site-packages\django\shortcuts.py", line 25, in render
    content = loader.render_to_string(template_name, context, request, using=using)
              ^^^^^^^^^^^^^^^^^^^^^^^^^^^^^^^^^^^^^^^^^^^^^^^^^^^^^^^^^^^^^^^^^^^^^
  File "C:\Users\Xuli\anaconda3\Lib\site-packages\django\template\loader.py", line 61, in render_to_string
    template = get_template(template_name, using=using)
               ^^^^^^^^^^^^^^^^^^^^^^^^^^^^^^^^^^^^^^^^
  File "C:\Users\Xuli\anaconda3\Lib\site-packages\django\template\loader.py", line 15, in get_template
    return engine.get_template(template_name)
           ^^^^^^^^^^^^^^^^^^^^^^^^^^^^^^^^^^
  File "C:\Users\Xuli\anaconda3\Lib\site-packages\django\template\backends\django.py", line 79, in get_template
    return Template(self.engine.get_template(template_name), self)
                    ^^^^^^^^^^^^^^^^^^^^^^^^^^^^^^^^^^^^^^^
  File "C:\Users\Xuli\anaconda3\Lib\site-packages\django\template\engine.py", line 177, in get_template
    template, origin = self.find_template(template_name)
                       ^^^^^^^^^^^^^^^^^^^^^^^^^^^^^^^^^
  File "C:\Users\Xuli\anaconda3\Lib\site-packages\django\template\engine.py", line 159, in find_template
    template = loader.get_template(name, skip=skip)
               ^^^^^^^^^^^^^^^^^^^^^^^^^^^^^^^^^^^^
  File "C:\Users\Xuli\anaconda3\Lib\site-packages\django\template\loaders\cached.py", line 57, in get_template
    template = super().get_template(template_name, skip)
               ^^^^^^^^^^^^^^^^^^^^^^^^^^^^^^^^^^^^^^^^^
  File "C:\Users\Xuli\anaconda3\Lib\site-packages\django\template\loaders\base.py", line 28, in get_template
    return Template(
           ^^^^^^^^^
  File "C:\Users\Xuli\anaconda3\Lib\site-packages\django\template\base.py", line 154, in __init__
    self.nodelist = self.compile_nodelist()
                    ^^^^^^^^^^^^^^^^^^^^^^^
  File "C:\Users\Xuli\anaconda3\Lib\site-packages\django\template\base.py", line 196, in compile_nodelist
    nodelist = parser.parse()
               ^^^^^^^^^^^^^^
  File "C:\Users\Xuli\anaconda3\Lib\site-packages\django\template\base.py", line 518, in parse
    raise self.error(token, e)
  File "C:\Users\Xuli\anaconda3\Lib\site-packages\django\template\base.py", line 516, in parse
    compiled_result = compile_func(self, token)
                      ^^^^^^^^^^^^^^^^^^^^^^^^^
  File "C:\Users\Xuli\anaconda3\Lib\site-packages\django\template\loader_tags.py", line 299, in do_extends
    nodelist = parser.parse()
               ^^^^^^^^^^^^^^
  File "C:\Users\Xuli\anaconda3\Lib\site-packages\django\template\base.py", line 518, in parse
    raise self.error(token, e)
  File "C:\Users\Xuli\anaconda3\Lib\site-packages\django\template\base.py", line 516, in parse
    compiled_result = compile_func(self, token)
                      ^^^^^^^^^^^^^^^^^^^^^^^^^
  File "C:\Users\Xuli\anaconda3\Lib\site-packages\django\template\loader_tags.py", line 234, in do_block
    nodelist = parser.parse(("endblock",))
               ^^^^^^^^^^^^^^^^^^^^^^^^^^^
  File "C:\Users\Xuli\anaconda3\Lib\site-packages\django\template\base.py", line 518, in parse
    raise self.error(token, e)
  File "C:\Users\Xuli\anaconda3\Lib\site-packages\django\template\base.py", line 516, in parse
    compiled_result = compile_func(self, token)
                      ^^^^^^^^^^^^^^^^^^^^^^^^^
  File "C:\Users\Xuli\anaconda3\Lib\site-packages\django\template\defaulttags.py", line 976, in do_if
    nodelist = parser.parse(("endif",))
               ^^^^^^^^^^^^^^^^^^^^^^^^
  File "C:\Users\Xuli\anaconda3\Lib\site-packages\django\template\base.py", line 512, in parse
    self.invalid_block_tag(token, command, parse_until)
  File "C:\Users\Xuli\anaconda3\Lib\site-packages\django\template\base.py", line 567, in invalid_block_tag
    raise self.error(
django.template.exceptions.TemplateSyntaxError: Invalid block tag on line 642: 'endblock', expected 'endif'. Did you forget to register or load this tag?
Internal Server Error: /profile/
Traceback (most recent call last):
  File "C:\Users\Xuli\anaconda3\Lib\site-packages\django\template\base.py", line 510, in parse
    compile_func = self.tags[command]
                   ~~~~~~~~~^^^^^^^^^
KeyError: 'endblock'

During handling of the above exception, another exception occurred:

Traceback (most recent call last):
  File "C:\Users\Xuli\anaconda3\Lib\site-packages\django\core\handlers\exception.py", line 55, in inner
    response = get_response(request)
               ^^^^^^^^^^^^^^^^^^^^^
  File "C:\Users\Xuli\anaconda3\Lib\site-packages\django\core\handlers\base.py", line 197, in _get_response
    response = wrapped_callback(request, *callback_args, **callback_kwargs)
               ^^^^^^^^^^^^^^^^^^^^^^^^^^^^^^^^^^^^^^^^^^^^^^^^^^^^^^^^^^^^
  File "C:\Users\Xuli\anaconda3\Lib\site-packages\django\contrib\auth\decorators.py", line 59, in _view_wrapper
    return view_func(request, *args, **kwargs)
           ^^^^^^^^^^^^^^^^^^^^^^^^^^^^^^^^^^^
  File "C:\Users\Xuli\dsi202_2025\myapp\views.py", line 202, in profile_view
    return render(request, 'profile.html', context)
           ^^^^^^^^^^^^^^^^^^^^^^^^^^^^^^^^^^^^^^^^
  File "C:\Users\Xuli\anaconda3\Lib\site-packages\django\shortcuts.py", line 25, in render
    content = loader.render_to_string(template_name, context, request, using=using)
              ^^^^^^^^^^^^^^^^^^^^^^^^^^^^^^^^^^^^^^^^^^^^^^^^^^^^^^^^^^^^^^^^^^^^^
  File "C:\Users\Xuli\anaconda3\Lib\site-packages\django\template\loader.py", line 61, in render_to_string
    template = get_template(template_name, using=using)
               ^^^^^^^^^^^^^^^^^^^^^^^^^^^^^^^^^^^^^^^^
  File "C:\Users\Xuli\anaconda3\Lib\site-packages\django\template\loader.py", line 15, in get_template
    return engine.get_template(template_name)
           ^^^^^^^^^^^^^^^^^^^^^^^^^^^^^^^^^^
  File "C:\Users\Xuli\anaconda3\Lib\site-packages\django\template\backends\django.py", line 79, in get_template
    return Template(self.engine.get_template(template_name), self)
                    ^^^^^^^^^^^^^^^^^^^^^^^^^^^^^^^^^^^^^^^
  File "C:\Users\Xuli\anaconda3\Lib\site-packages\django\template\engine.py", line 177, in get_template
    template, origin = self.find_template(template_name)
                       ^^^^^^^^^^^^^^^^^^^^^^^^^^^^^^^^^
  File "C:\Users\Xuli\anaconda3\Lib\site-packages\django\template\engine.py", line 159, in find_template
    template = loader.get_template(name, skip=skip)
               ^^^^^^^^^^^^^^^^^^^^^^^^^^^^^^^^^^^^
  File "C:\Users\Xuli\anaconda3\Lib\site-packages\django\template\loaders\cached.py", line 57, in get_template
    template = super().get_template(template_name, skip)
               ^^^^^^^^^^^^^^^^^^^^^^^^^^^^^^^^^^^^^^^^^
  File "C:\Users\Xuli\anaconda3\Lib\site-packages\django\template\loaders\base.py", line 28, in get_template
    return Template(
           ^^^^^^^^^
  File "C:\Users\Xuli\anaconda3\Lib\site-packages\django\template\base.py", line 154, in __init__
    self.nodelist = self.compile_nodelist()
                    ^^^^^^^^^^^^^^^^^^^^^^^
  File "C:\Users\Xuli\anaconda3\Lib\site-packages\django\template\base.py", line 196, in compile_nodelist
    nodelist = parser.parse()
               ^^^^^^^^^^^^^^
  File "C:\Users\Xuli\anaconda3\Lib\site-packages\django\template\base.py", line 518, in parse
    raise self.error(token, e)
  File "C:\Users\Xuli\anaconda3\Lib\site-packages\django\template\base.py", line 516, in parse
    compiled_result = compile_func(self, token)
                      ^^^^^^^^^^^^^^^^^^^^^^^^^
  File "C:\Users\Xuli\anaconda3\Lib\site-packages\django\template\loader_tags.py", line 299, in do_extends
    nodelist = parser.parse()
               ^^^^^^^^^^^^^^
  File "C:\Users\Xuli\anaconda3\Lib\site-packages\django\template\base.py", line 518, in parse
    raise self.error(token, e)
  File "C:\Users\Xuli\anaconda3\Lib\site-packages\django\template\base.py", line 516, in parse
    compiled_result = compile_func(self, token)
                      ^^^^^^^^^^^^^^^^^^^^^^^^^
  File "C:\Users\Xuli\anaconda3\Lib\site-packages\django\template\loader_tags.py", line 234, in do_block
    nodelist = parser.parse(("endblock",))
               ^^^^^^^^^^^^^^^^^^^^^^^^^^^
  File "C:\Users\Xuli\anaconda3\Lib\site-packages\django\template\base.py", line 518, in parse
    raise self.error(token, e)
  File "C:\Users\Xuli\anaconda3\Lib\site-packages\django\template\base.py", line 516, in parse
    compiled_result = compile_func(self, token)
                      ^^^^^^^^^^^^^^^^^^^^^^^^^
  File "C:\Users\Xuli\anaconda3\Lib\site-packages\django\template\defaulttags.py", line 976, in do_if
    nodelist = parser.parse(("endif",))
               ^^^^^^^^^^^^^^^^^^^^^^^^
  File "C:\Users\Xuli\anaconda3\Lib\site-packages\django\template\base.py", line 512, in parse
    self.invalid_block_tag(token, command, parse_until)
  File "C:\Users\Xuli\anaconda3\Lib\site-packages\django\template\base.py", line 567, in invalid_block_tag
    raise self.error(
django.template.exceptions.TemplateSyntaxError: Invalid block tag on line 642: 'endblock', expected 'endif'. Did you forget to register or load this tag?
Internal Server Error: /profile/
Traceback (most recent call last):
  File "C:\Users\Xuli\anaconda3\Lib\site-packages\django\template\base.py", line 510, in parse
    compile_func = self.tags[command]
                   ~~~~~~~~~^^^^^^^^^
KeyError: 'endblock'

During handling of the above exception, another exception occurred:

Traceback (most recent call last):
  File "C:\Users\Xuli\anaconda3\Lib\site-packages\django\core\handlers\exception.py", line 55, in inner
    response = get_response(request)
               ^^^^^^^^^^^^^^^^^^^^^
  File "C:\Users\Xuli\anaconda3\Lib\site-packages\django\core\handlers\base.py", line 197, in _get_response
    response = wrapped_callback(request, *callback_args, **callback_kwargs)
               ^^^^^^^^^^^^^^^^^^^^^^^^^^^^^^^^^^^^^^^^^^^^^^^^^^^^^^^^^^^^
  File "C:\Users\Xuli\anaconda3\Lib\site-packages\django\contrib\auth\decorators.py", line 59, in _view_wrapper
    return view_func(request, *args, **kwargs)
           ^^^^^^^^^^^^^^^^^^^^^^^^^^^^^^^^^^^
  File "C:\Users\Xuli\dsi202_2025\myapp\views.py", line 202, in profile_view
    return render(request, 'profile.html', context)
           ^^^^^^^^^^^^^^^^^^^^^^^^^^^^^^^^^^^^^^^^
  File "C:\Users\Xuli\anaconda3\Lib\site-packages\django\shortcuts.py", line 25, in render
    content = loader.render_to_string(template_name, context, request, using=using)
              ^^^^^^^^^^^^^^^^^^^^^^^^^^^^^^^^^^^^^^^^^^^^^^^^^^^^^^^^^^^^^^^^^^^^^
  File "C:\Users\Xuli\anaconda3\Lib\site-packages\django\template\loader.py", line 61, in render_to_string
    template = get_template(template_name, using=using)
               ^^^^^^^^^^^^^^^^^^^^^^^^^^^^^^^^^^^^^^^^
  File "C:\Users\Xuli\anaconda3\Lib\site-packages\django\template\loader.py", line 15, in get_template
    return engine.get_template(template_name)
           ^^^^^^^^^^^^^^^^^^^^^^^^^^^^^^^^^^
  File "C:\Users\Xuli\anaconda3\Lib\site-packages\django\template\backends\django.py", line 79, in get_template
    return Template(self.engine.get_template(template_name), self)
                    ^^^^^^^^^^^^^^^^^^^^^^^^^^^^^^^^^^^^^^^
  File "C:\Users\Xuli\anaconda3\Lib\site-packages\django\template\engine.py", line 177, in get_template
    template, origin = self.find_template(template_name)
                       ^^^^^^^^^^^^^^^^^^^^^^^^^^^^^^^^^
  File "C:\Users\Xuli\anaconda3\Lib\site-packages\django\template\engine.py", line 159, in find_template
    template = loader.get_template(name, skip=skip)
               ^^^^^^^^^^^^^^^^^^^^^^^^^^^^^^^^^^^^
  File "C:\Users\Xuli\anaconda3\Lib\site-packages\django\template\loaders\cached.py", line 57, in get_template
    template = super().get_template(template_name, skip)
               ^^^^^^^^^^^^^^^^^^^^^^^^^^^^^^^^^^^^^^^^^
  File "C:\Users\Xuli\anaconda3\Lib\site-packages\django\template\loaders\base.py", line 28, in get_template
    return Template(
           ^^^^^^^^^
  File "C:\Users\Xuli\anaconda3\Lib\site-packages\django\template\base.py", line 154, in __init__
    self.nodelist = self.compile_nodelist()
                    ^^^^^^^^^^^^^^^^^^^^^^^
  File "C:\Users\Xuli\anaconda3\Lib\site-packages\django\template\base.py", line 196, in compile_nodelist
    nodelist = parser.parse()
               ^^^^^^^^^^^^^^
  File "C:\Users\Xuli\anaconda3\Lib\site-packages\django\template\base.py", line 518, in parse
    raise self.error(token, e)
  File "C:\Users\Xuli\anaconda3\Lib\site-packages\django\template\base.py", line 516, in parse
    compiled_result = compile_func(self, token)
                      ^^^^^^^^^^^^^^^^^^^^^^^^^
  File "C:\Users\Xuli\anaconda3\Lib\site-packages\django\template\loader_tags.py", line 299, in do_extends
    nodelist = parser.parse()
               ^^^^^^^^^^^^^^
  File "C:\Users\Xuli\anaconda3\Lib\site-packages\django\template\base.py", line 518, in parse
    raise self.error(token, e)
  File "C:\Users\Xuli\anaconda3\Lib\site-packages\django\template\base.py", line 516, in parse
    compiled_result = compile_func(self, token)
                      ^^^^^^^^^^^^^^^^^^^^^^^^^
  File "C:\Users\Xuli\anaconda3\Lib\site-packages\django\template\loader_tags.py", line 234, in do_block
    nodelist = parser.parse(("endblock",))
               ^^^^^^^^^^^^^^^^^^^^^^^^^^^
  File "C:\Users\Xuli\anaconda3\Lib\site-packages\django\template\base.py", line 518, in parse
    raise self.error(token, e)
  File "C:\Users\Xuli\anaconda3\Lib\site-packages\django\template\base.py", line 516, in parse
    compiled_result = compile_func(self, token)
                      ^^^^^^^^^^^^^^^^^^^^^^^^^
  File "C:\Users\Xuli\anaconda3\Lib\site-packages\django\template\defaulttags.py", line 976, in do_if
    nodelist = parser.parse(("endif",))
               ^^^^^^^^^^^^^^^^^^^^^^^^
  File "C:\Users\Xuli\anaconda3\Lib\site-packages\django\template\base.py", line 512, in parse
    self.invalid_block_tag(token, command, parse_until)
  File "C:\Users\Xuli\anaconda3\Lib\site-packages\django\template\base.py", line 567, in invalid_block_tag
    raise self.error(
django.template.exceptions.TemplateSyntaxError: Invalid block tag on line 642: 'endblock', expected 'endif'. Did you forget to register or load this tag?
Internal Server Error: /profile/
Traceback (most recent call last):
  File "C:\Users\Xuli\anaconda3\Lib\site-packages\django\template\base.py", line 510, in parse
    compile_func = self.tags[command]
                   ~~~~~~~~~^^^^^^^^^
KeyError: 'endblock'

During handling of the above exception, another exception occurred:

Traceback (most recent call last):
  File "C:\Users\Xuli\anaconda3\Lib\site-packages\django\core\handlers\exception.py", line 55, in inner
    response = get_response(request)
               ^^^^^^^^^^^^^^^^^^^^^
  File "C:\Users\Xuli\anaconda3\Lib\site-packages\django\core\handlers\base.py", line 197, in _get_response
    response = wrapped_callback(request, *callback_args, **callback_kwargs)
               ^^^^^^^^^^^^^^^^^^^^^^^^^^^^^^^^^^^^^^^^^^^^^^^^^^^^^^^^^^^^
  File "C:\Users\Xuli\anaconda3\Lib\site-packages\django\contrib\auth\decorators.py", line 59, in _view_wrapper
    return view_func(request, *args, **kwargs)
           ^^^^^^^^^^^^^^^^^^^^^^^^^^^^^^^^^^^
  File "C:\Users\Xuli\dsi202_2025\myapp\views.py", line 202, in profile_view
    return render(request, 'profile.html', context)
           ^^^^^^^^^^^^^^^^^^^^^^^^^^^^^^^^^^^^^^^^
  File "C:\Users\Xuli\anaconda3\Lib\site-packages\django\shortcuts.py", line 25, in render
    content = loader.render_to_string(template_name, context, request, using=using)
              ^^^^^^^^^^^^^^^^^^^^^^^^^^^^^^^^^^^^^^^^^^^^^^^^^^^^^^^^^^^^^^^^^^^^^
  File "C:\Users\Xuli\anaconda3\Lib\site-packages\django\template\loader.py", line 61, in render_to_string
    template = get_template(template_name, using=using)
               ^^^^^^^^^^^^^^^^^^^^^^^^^^^^^^^^^^^^^^^^
  File "C:\Users\Xuli\anaconda3\Lib\site-packages\django\template\loader.py", line 15, in get_template
    return engine.get_template(template_name)
           ^^^^^^^^^^^^^^^^^^^^^^^^^^^^^^^^^^
  File "C:\Users\Xuli\anaconda3\Lib\site-packages\django\template\backends\django.py", line 79, in get_template
    return Template(self.engine.get_template(template_name), self)
                    ^^^^^^^^^^^^^^^^^^^^^^^^^^^^^^^^^^^^^^^
  File "C:\Users\Xuli\anaconda3\Lib\site-packages\django\template\engine.py", line 177, in get_template
    template, origin = self.find_template(template_name)
                       ^^^^^^^^^^^^^^^^^^^^^^^^^^^^^^^^^
  File "C:\Users\Xuli\anaconda3\Lib\site-packages\django\template\engine.py", line 159, in find_template
    template = loader.get_template(name, skip=skip)
               ^^^^^^^^^^^^^^^^^^^^^^^^^^^^^^^^^^^^
  File "C:\Users\Xuli\anaconda3\Lib\site-packages\django\template\loaders\cached.py", line 57, in get_template
    template = super().get_template(template_name, skip)
               ^^^^^^^^^^^^^^^^^^^^^^^^^^^^^^^^^^^^^^^^^
  File "C:\Users\Xuli\anaconda3\Lib\site-packages\django\template\loaders\base.py", line 28, in get_template
    return Template(
           ^^^^^^^^^
  File "C:\Users\Xuli\anaconda3\Lib\site-packages\django\template\base.py", line 154, in __init__
    self.nodelist = self.compile_nodelist()
                    ^^^^^^^^^^^^^^^^^^^^^^^
  File "C:\Users\Xuli\anaconda3\Lib\site-packages\django\template\base.py", line 196, in compile_nodelist
    nodelist = parser.parse()
               ^^^^^^^^^^^^^^
  File "C:\Users\Xuli\anaconda3\Lib\site-packages\django\template\base.py", line 518, in parse
    raise self.error(token, e)
  File "C:\Users\Xuli\anaconda3\Lib\site-packages\django\template\base.py", line 516, in parse
    compiled_result = compile_func(self, token)
                      ^^^^^^^^^^^^^^^^^^^^^^^^^
  File "C:\Users\Xuli\anaconda3\Lib\site-packages\django\template\loader_tags.py", line 299, in do_extends
    nodelist = parser.parse()
               ^^^^^^^^^^^^^^
  File "C:\Users\Xuli\anaconda3\Lib\site-packages\django\template\base.py", line 518, in parse
    raise self.error(token, e)
  File "C:\Users\Xuli\anaconda3\Lib\site-packages\django\template\base.py", line 516, in parse
    compiled_result = compile_func(self, token)
                      ^^^^^^^^^^^^^^^^^^^^^^^^^
  File "C:\Users\Xuli\anaconda3\Lib\site-packages\django\template\loader_tags.py", line 234, in do_block
    nodelist = parser.parse(("endblock",))
               ^^^^^^^^^^^^^^^^^^^^^^^^^^^
  File "C:\Users\Xuli\anaconda3\Lib\site-packages\django\template\base.py", line 518, in parse
    raise self.error(token, e)
  File "C:\Users\Xuli\anaconda3\Lib\site-packages\django\template\base.py", line 516, in parse
    compiled_result = compile_func(self, token)
                      ^^^^^^^^^^^^^^^^^^^^^^^^^
  File "C:\Users\Xuli\anaconda3\Lib\site-packages\django\template\defaulttags.py", line 976, in do_if
    nodelist = parser.parse(("endif",))
               ^^^^^^^^^^^^^^^^^^^^^^^^
  File "C:\Users\Xuli\anaconda3\Lib\site-packages\django\template\base.py", line 512, in parse
    self.invalid_block_tag(token, command, parse_until)
  File "C:\Users\Xuli\anaconda3\Lib\site-packages\django\template\base.py", line 567, in invalid_block_tag
    raise self.error(
django.template.exceptions.TemplateSyntaxError: Invalid block tag on line 641: 'endblock', expected 'endif'. Did you forget to register or load this tag?
Internal Server Error: /profile/
Traceback (most recent call last):
  File "C:\Users\Xuli\anaconda3\Lib\site-packages\django\template\base.py", line 510, in parse
    compile_func = self.tags[command]
                   ~~~~~~~~~^^^^^^^^^
KeyError: 'endblock'

During handling of the above exception, another exception occurred:

Traceback (most recent call last):
  File "C:\Users\Xuli\anaconda3\Lib\site-packages\django\core\handlers\exception.py", line 55, in inner
    response = get_response(request)
               ^^^^^^^^^^^^^^^^^^^^^
  File "C:\Users\Xuli\anaconda3\Lib\site-packages\django\core\handlers\base.py", line 197, in _get_response
    response = wrapped_callback(request, *callback_args, **callback_kwargs)
               ^^^^^^^^^^^^^^^^^^^^^^^^^^^^^^^^^^^^^^^^^^^^^^^^^^^^^^^^^^^^
  File "C:\Users\Xuli\anaconda3\Lib\site-packages\django\contrib\auth\decorators.py", line 59, in _view_wrapper
    return view_func(request, *args, **kwargs)
           ^^^^^^^^^^^^^^^^^^^^^^^^^^^^^^^^^^^
  File "C:\Users\Xuli\dsi202_2025\myapp\views.py", line 202, in profile_view
    return render(request, 'profile.html', context)
           ^^^^^^^^^^^^^^^^^^^^^^^^^^^^^^^^^^^^^^^^
  File "C:\Users\Xuli\anaconda3\Lib\site-packages\django\shortcuts.py", line 25, in render
    content = loader.render_to_string(template_name, context, request, using=using)
              ^^^^^^^^^^^^^^^^^^^^^^^^^^^^^^^^^^^^^^^^^^^^^^^^^^^^^^^^^^^^^^^^^^^^^
  File "C:\Users\Xuli\anaconda3\Lib\site-packages\django\template\loader.py", line 61, in render_to_string
    template = get_template(template_name, using=using)
               ^^^^^^^^^^^^^^^^^^^^^^^^^^^^^^^^^^^^^^^^
  File "C:\Users\Xuli\anaconda3\Lib\site-packages\django\template\loader.py", line 15, in get_template
    return engine.get_template(template_name)
           ^^^^^^^^^^^^^^^^^^^^^^^^^^^^^^^^^^
  File "C:\Users\Xuli\anaconda3\Lib\site-packages\django\template\backends\django.py", line 79, in get_template
    return Template(self.engine.get_template(template_name), self)
                    ^^^^^^^^^^^^^^^^^^^^^^^^^^^^^^^^^^^^^^^
  File "C:\Users\Xuli\anaconda3\Lib\site-packages\django\template\engine.py", line 177, in get_template
    template, origin = self.find_template(template_name)
                       ^^^^^^^^^^^^^^^^^^^^^^^^^^^^^^^^^
  File "C:\Users\Xuli\anaconda3\Lib\site-packages\django\template\engine.py", line 159, in find_template
    template = loader.get_template(name, skip=skip)
               ^^^^^^^^^^^^^^^^^^^^^^^^^^^^^^^^^^^^
  File "C:\Users\Xuli\anaconda3\Lib\site-packages\django\template\loaders\cached.py", line 57, in get_template
    template = super().get_template(template_name, skip)
               ^^^^^^^^^^^^^^^^^^^^^^^^^^^^^^^^^^^^^^^^^
  File "C:\Users\Xuli\anaconda3\Lib\site-packages\django\template\loaders\base.py", line 28, in get_template
    return Template(
           ^^^^^^^^^
  File "C:\Users\Xuli\anaconda3\Lib\site-packages\django\template\base.py", line 154, in __init__
    self.nodelist = self.compile_nodelist()
                    ^^^^^^^^^^^^^^^^^^^^^^^
  File "C:\Users\Xuli\anaconda3\Lib\site-packages\django\template\base.py", line 196, in compile_nodelist
    nodelist = parser.parse()
               ^^^^^^^^^^^^^^
  File "C:\Users\Xuli\anaconda3\Lib\site-packages\django\template\base.py", line 518, in parse
    raise self.error(token, e)
  File "C:\Users\Xuli\anaconda3\Lib\site-packages\django\template\base.py", line 516, in parse
    compiled_result = compile_func(self, token)
                      ^^^^^^^^^^^^^^^^^^^^^^^^^
  File "C:\Users\Xuli\anaconda3\Lib\site-packages\django\template\loader_tags.py", line 299, in do_extends
    nodelist = parser.parse()
               ^^^^^^^^^^^^^^
  File "C:\Users\Xuli\anaconda3\Lib\site-packages\django\template\base.py", line 518, in parse
    raise self.error(token, e)
  File "C:\Users\Xuli\anaconda3\Lib\site-packages\django\template\base.py", line 516, in parse
    compiled_result = compile_func(self, token)
                      ^^^^^^^^^^^^^^^^^^^^^^^^^
  File "C:\Users\Xuli\anaconda3\Lib\site-packages\django\template\loader_tags.py", line 234, in do_block
    nodelist = parser.parse(("endblock",))
               ^^^^^^^^^^^^^^^^^^^^^^^^^^^
  File "C:\Users\Xuli\anaconda3\Lib\site-packages\django\template\base.py", line 518, in parse
    raise self.error(token, e)
  File "C:\Users\Xuli\anaconda3\Lib\site-packages\django\template\base.py", line 516, in parse
    compiled_result = compile_func(self, token)
                      ^^^^^^^^^^^^^^^^^^^^^^^^^
  File "C:\Users\Xuli\anaconda3\Lib\site-packages\django\template\defaulttags.py", line 976, in do_if
    nodelist = parser.parse(("endif",))
               ^^^^^^^^^^^^^^^^^^^^^^^^
  File "C:\Users\Xuli\anaconda3\Lib\site-packages\django\template\base.py", line 512, in parse
    self.invalid_block_tag(token, command, parse_until)
  File "C:\Users\Xuli\anaconda3\Lib\site-packages\django\template\base.py", line 567, in invalid_block_tag
    raise self.error(
django.template.exceptions.TemplateSyntaxError: Invalid block tag on line 643: 'endblock', expected 'endif'. Did you forget to register or load this tag?
Internal Server Error: /profile/
Traceback (most recent call last):
  File "C:\Users\Xuli\anaconda3\Lib\site-packages\django\template\base.py", line 510, in parse
    compile_func = self.tags[command]
                   ~~~~~~~~~^^^^^^^^^
KeyError: 'endblock'

During handling of the above exception, another exception occurred:

Traceback (most recent call last):
  File "C:\Users\Xuli\anaconda3\Lib\site-packages\django\core\handlers\exception.py", line 55, in inner
    response = get_response(request)
               ^^^^^^^^^^^^^^^^^^^^^
  File "C:\Users\Xuli\anaconda3\Lib\site-packages\django\core\handlers\base.py", line 197, in _get_response
    response = wrapped_callback(request, *callback_args, **callback_kwargs)
               ^^^^^^^^^^^^^^^^^^^^^^^^^^^^^^^^^^^^^^^^^^^^^^^^^^^^^^^^^^^^
  File "C:\Users\Xuli\anaconda3\Lib\site-packages\django\contrib\auth\decorators.py", line 59, in _view_wrapper
    return view_func(request, *args, **kwargs)
           ^^^^^^^^^^^^^^^^^^^^^^^^^^^^^^^^^^^
  File "C:\Users\Xuli\dsi202_2025\myapp\views.py", line 202, in profile_view
    return render(request, 'profile.html', context)
           ^^^^^^^^^^^^^^^^^^^^^^^^^^^^^^^^^^^^^^^^
  File "C:\Users\Xuli\anaconda3\Lib\site-packages\django\shortcuts.py", line 25, in render
    content = loader.render_to_string(template_name, context, request, using=using)
              ^^^^^^^^^^^^^^^^^^^^^^^^^^^^^^^^^^^^^^^^^^^^^^^^^^^^^^^^^^^^^^^^^^^^^
  File "C:\Users\Xuli\anaconda3\Lib\site-packages\django\template\loader.py", line 61, in render_to_string
    template = get_template(template_name, using=using)
               ^^^^^^^^^^^^^^^^^^^^^^^^^^^^^^^^^^^^^^^^
  File "C:\Users\Xuli\anaconda3\Lib\site-packages\django\template\loader.py", line 15, in get_template
    return engine.get_template(template_name)
           ^^^^^^^^^^^^^^^^^^^^^^^^^^^^^^^^^^
  File "C:\Users\Xuli\anaconda3\Lib\site-packages\django\template\backends\django.py", line 79, in get_template
    return Template(self.engine.get_template(template_name), self)
                    ^^^^^^^^^^^^^^^^^^^^^^^^^^^^^^^^^^^^^^^
  File "C:\Users\Xuli\anaconda3\Lib\site-packages\django\template\engine.py", line 177, in get_template
    template, origin = self.find_template(template_name)
                       ^^^^^^^^^^^^^^^^^^^^^^^^^^^^^^^^^
  File "C:\Users\Xuli\anaconda3\Lib\site-packages\django\template\engine.py", line 159, in find_template
    template = loader.get_template(name, skip=skip)
               ^^^^^^^^^^^^^^^^^^^^^^^^^^^^^^^^^^^^
  File "C:\Users\Xuli\anaconda3\Lib\site-packages\django\template\loaders\cached.py", line 57, in get_template
    template = super().get_template(template_name, skip)
               ^^^^^^^^^^^^^^^^^^^^^^^^^^^^^^^^^^^^^^^^^
  File "C:\Users\Xuli\anaconda3\Lib\site-packages\django\template\loaders\base.py", line 28, in get_template
    return Template(
           ^^^^^^^^^
  File "C:\Users\Xuli\anaconda3\Lib\site-packages\django\template\base.py", line 154, in __init__
    self.nodelist = self.compile_nodelist()
                    ^^^^^^^^^^^^^^^^^^^^^^^
  File "C:\Users\Xuli\anaconda3\Lib\site-packages\django\template\base.py", line 196, in compile_nodelist
    nodelist = parser.parse()
               ^^^^^^^^^^^^^^
  File "C:\Users\Xuli\anaconda3\Lib\site-packages\django\template\base.py", line 518, in parse
    raise self.error(token, e)
  File "C:\Users\Xuli\anaconda3\Lib\site-packages\django\template\base.py", line 516, in parse
    compiled_result = compile_func(self, token)
                      ^^^^^^^^^^^^^^^^^^^^^^^^^
  File "C:\Users\Xuli\anaconda3\Lib\site-packages\django\template\loader_tags.py", line 299, in do_extends
    nodelist = parser.parse()
               ^^^^^^^^^^^^^^
  File "C:\Users\Xuli\anaconda3\Lib\site-packages\django\template\base.py", line 518, in parse
    raise self.error(token, e)
  File "C:\Users\Xuli\anaconda3\Lib\site-packages\django\template\base.py", line 516, in parse
    compiled_result = compile_func(self, token)
                      ^^^^^^^^^^^^^^^^^^^^^^^^^
  File "C:\Users\Xuli\anaconda3\Lib\site-packages\django\template\loader_tags.py", line 234, in do_block
    nodelist = parser.parse(("endblock",))
               ^^^^^^^^^^^^^^^^^^^^^^^^^^^
  File "C:\Users\Xuli\anaconda3\Lib\site-packages\django\template\base.py", line 518, in parse
    raise self.error(token, e)
  File "C:\Users\Xuli\anaconda3\Lib\site-packages\django\template\base.py", line 516, in parse
    compiled_result = compile_func(self, token)
                      ^^^^^^^^^^^^^^^^^^^^^^^^^
  File "C:\Users\Xuli\anaconda3\Lib\site-packages\django\template\defaulttags.py", line 976, in do_if
    nodelist = parser.parse(("endif",))
               ^^^^^^^^^^^^^^^^^^^^^^^^
  File "C:\Users\Xuli\anaconda3\Lib\site-packages\django\template\base.py", line 512, in parse
    self.invalid_block_tag(token, command, parse_until)
  File "C:\Users\Xuli\anaconda3\Lib\site-packages\django\template\base.py", line 567, in invalid_block_tag
    raise self.error(
django.template.exceptions.TemplateSyntaxError: Invalid block tag on line 641: 'endblock', expected 'endif'. Did you forget to register or load this tag?
Internal Server Error: /profile/
Traceback (most recent call last):
  File "C:\Users\Xuli\anaconda3\Lib\site-packages\django\template\base.py", line 510, in parse
    compile_func = self.tags[command]
                   ~~~~~~~~~^^^^^^^^^
KeyError: 'endblock'

During handling of the above exception, another exception occurred:

Traceback (most recent call last):
  File "C:\Users\Xuli\anaconda3\Lib\site-packages\django\core\handlers\exception.py", line 55, in inner
    response = get_response(request)
               ^^^^^^^^^^^^^^^^^^^^^
  File "C:\Users\Xuli\anaconda3\Lib\site-packages\django\core\handlers\base.py", line 197, in _get_response
    response = wrapped_callback(request, *callback_args, **callback_kwargs)
               ^^^^^^^^^^^^^^^^^^^^^^^^^^^^^^^^^^^^^^^^^^^^^^^^^^^^^^^^^^^^
  File "C:\Users\Xuli\anaconda3\Lib\site-packages\django\contrib\auth\decorators.py", line 59, in _view_wrapper
    return view_func(request, *args, **kwargs)
           ^^^^^^^^^^^^^^^^^^^^^^^^^^^^^^^^^^^
  File "C:\Users\Xuli\dsi202_2025\myapp\views.py", line 202, in profile_view
    return render(request, 'profile.html', context)
           ^^^^^^^^^^^^^^^^^^^^^^^^^^^^^^^^^^^^^^^^
  File "C:\Users\Xuli\anaconda3\Lib\site-packages\django\shortcuts.py", line 25, in render
    content = loader.render_to_string(template_name, context, request, using=using)
              ^^^^^^^^^^^^^^^^^^^^^^^^^^^^^^^^^^^^^^^^^^^^^^^^^^^^^^^^^^^^^^^^^^^^^
  File "C:\Users\Xuli\anaconda3\Lib\site-packages\django\template\loader.py", line 61, in render_to_string
    template = get_template(template_name, using=using)
               ^^^^^^^^^^^^^^^^^^^^^^^^^^^^^^^^^^^^^^^^
  File "C:\Users\Xuli\anaconda3\Lib\site-packages\django\template\loader.py", line 15, in get_template
    return engine.get_template(template_name)
           ^^^^^^^^^^^^^^^^^^^^^^^^^^^^^^^^^^
  File "C:\Users\Xuli\anaconda3\Lib\site-packages\django\template\backends\django.py", line 79, in get_template
    return Template(self.engine.get_template(template_name), self)
                    ^^^^^^^^^^^^^^^^^^^^^^^^^^^^^^^^^^^^^^^
  File "C:\Users\Xuli\anaconda3\Lib\site-packages\django\template\engine.py", line 177, in get_template
    template, origin = self.find_template(template_name)
                       ^^^^^^^^^^^^^^^^^^^^^^^^^^^^^^^^^
  File "C:\Users\Xuli\anaconda3\Lib\site-packages\django\template\engine.py", line 159, in find_template
    template = loader.get_template(name, skip=skip)
               ^^^^^^^^^^^^^^^^^^^^^^^^^^^^^^^^^^^^
  File "C:\Users\Xuli\anaconda3\Lib\site-packages\django\template\loaders\cached.py", line 57, in get_template
    template = super().get_template(template_name, skip)
               ^^^^^^^^^^^^^^^^^^^^^^^^^^^^^^^^^^^^^^^^^
  File "C:\Users\Xuli\anaconda3\Lib\site-packages\django\template\loaders\base.py", line 28, in get_template
    return Template(
           ^^^^^^^^^
  File "C:\Users\Xuli\anaconda3\Lib\site-packages\django\template\base.py", line 154, in __init__
    self.nodelist = self.compile_nodelist()
                    ^^^^^^^^^^^^^^^^^^^^^^^
  File "C:\Users\Xuli\anaconda3\Lib\site-packages\django\template\base.py", line 196, in compile_nodelist
    nodelist = parser.parse()
               ^^^^^^^^^^^^^^
  File "C:\Users\Xuli\anaconda3\Lib\site-packages\django\template\base.py", line 518, in parse
    raise self.error(token, e)
  File "C:\Users\Xuli\anaconda3\Lib\site-packages\django\template\base.py", line 516, in parse
    compiled_result = compile_func(self, token)
                      ^^^^^^^^^^^^^^^^^^^^^^^^^
  File "C:\Users\Xuli\anaconda3\Lib\site-packages\django\template\loader_tags.py", line 299, in do_extends
    nodelist = parser.parse()
               ^^^^^^^^^^^^^^
  File "C:\Users\Xuli\anaconda3\Lib\site-packages\django\template\base.py", line 518, in parse
    raise self.error(token, e)
  File "C:\Users\Xuli\anaconda3\Lib\site-packages\django\template\base.py", line 516, in parse
    compiled_result = compile_func(self, token)
                      ^^^^^^^^^^^^^^^^^^^^^^^^^
  File "C:\Users\Xuli\anaconda3\Lib\site-packages\django\template\loader_tags.py", line 234, in do_block
    nodelist = parser.parse(("endblock",))
               ^^^^^^^^^^^^^^^^^^^^^^^^^^^
  File "C:\Users\Xuli\anaconda3\Lib\site-packages\django\template\base.py", line 518, in parse
    raise self.error(token, e)
  File "C:\Users\Xuli\anaconda3\Lib\site-packages\django\template\base.py", line 516, in parse
    compiled_result = compile_func(self, token)
                      ^^^^^^^^^^^^^^^^^^^^^^^^^
  File "C:\Users\Xuli\anaconda3\Lib\site-packages\django\template\defaulttags.py", line 976, in do_if
    nodelist = parser.parse(("endif",))
               ^^^^^^^^^^^^^^^^^^^^^^^^
  File "C:\Users\Xuli\anaconda3\Lib\site-packages\django\template\base.py", line 512, in parse
    self.invalid_block_tag(token, command, parse_until)
  File "C:\Users\Xuli\anaconda3\Lib\site-packages\django\template\base.py", line 567, in invalid_block_tag
    raise self.error(
django.template.exceptions.TemplateSyntaxError: Invalid block tag on line 642: 'endblock', expected 'endif'. Did you forget to register or load this tag?
Not Found: /media/room_images/3d-rendering-luxury-modern-bedroom-suite-hotel-with-tv-cabinet_EkFYQmI.jpg
Not Found: /media/room_images/bedroom-decor-with-potted-plants_Nhyjwxe.jpg
Not Found: /media/room_images/minimalistic-bed-with-interior-plant_bgJWPV5.jpg
Not Found: /media/room_images/bedroom-decor-with-potted-plants_Nhyjwxe.jpg
Not Found: /media/room_images/3d-rendering-luxury-modern-bedroom-suite-hotel-with-tv-cabinet_EkFYQmI.jpg
Not Found: /media/room_images/minimalistic-bed-with-interior-plant_bgJWPV5.jpg
Not Found: /media/room_images/3d-rendering-luxury-modern-bedroom-suite-hotel-with-tv-cabinet_EkFYQmI.jpg
Not Found: /media/room_images/bedroom-decor-with-potted-plants_Nhyjwxe.jpg
Not Found: /favicon.ico
Not Found: /media/room_images/3d-rendering-luxury-modern-bedroom-suite-hotel-with-tv-cabinet_EkFYQmI.jpg
Not Found: /media/room_images/minimalistic-bed-with-interior-plant_bgJWPV5.jpg
Not Found: /media/room_images/bedroom-decor-with-potted-plants_Nhyjwxe.jpg
Not Found: /media/room_images/3d-rendering-luxury-modern-bedroom-suite-hotel-with-tv-cabinet_EkFYQmI.jpg
Not Found: /media/room_images/minimalistic-bed-with-interior-plant_bgJWPV5.jpg
Not Found: /media/room_images/bedroom-decor-with-potted-plants_Nhyjwxe.jpg
